2021-09-03 09:44:20-log: [Package] menu@1.0.0 enable
2021-09-03 09:44:20-log: [Package] profile@1.0.0 enable
2021-09-03 09:44:20-log: [Package] messages@1.0.0 enable
2021-09-03 09:44:20-log: [Package] program@1.0.0 enable
2021-09-03 09:44:20-log: [Package] device@1.0.1 enable
2021-09-03 09:44:20-log: [Package] ui-kit@1.0.1 enable
2021-09-03 09:44:20-log: [Package] tester@1.0.0 enable
2021-09-03 09:44:20-log: [Package] preferences@1.0.0 enable
2021-09-03 09:44:20-log: Setup mods mgr.: 254.165ms
2021-09-03 09:44:20-log: [Package] engine@1.0.5 enable
2021-09-03 09:44:24-log: [Package] programming@1.0.0 enable
2021-09-03 09:44:24-log: [Package] asset-db@1.0.0 enable
2021-09-03 09:44:24-log: [Package] console@1.0.0 enable
2021-09-03 09:44:24-log: [Package] scene@1.0.0 enable
2021-09-03 09:44:24-log: [Package] project@1.0.1 enable
2021-09-03 09:44:24-log: [Package] about@1.0.0 enable
2021-09-03 09:44:24-log: [Package] server@1.0.0 enable
2021-09-03 09:44:24-log: [Package] utils@1.0.0 enable
2021-09-03 09:44:24-log: [Package] assets@1.0.0 enable
2021-09-03 09:44:24-log: [Package] inspector@1.0.0 enable
2021-09-03 09:44:25-log: [Package] hierarchy@1.0.0 enable
2021-09-03 09:44:26-log: [Package] builder@1.2.8 enable
2021-09-03 09:44:26-log: [Package] node-library@1.0.0 enable
2021-09-03 09:44:27-log: [Package] shortcuts@1.0.1 enable
2021-09-03 09:44:27-log: [Package] importer@1.0.0 enable
2021-09-03 09:44:27-log: [Package] package-asset@1.0.0 enable
2021-09-03 09:44:27-log: [Package] reference-image@1.0.0 enable
2021-09-03 09:44:27-log: [Package] channel-upload-tools@1.0.0 enable
2021-09-03 09:44:27-log: [Package] runtime-dev-tools@1.0.0 enable
2021-09-03 09:44:27-log: [Package] alipay-mini-game@1.0.0 enable
2021-09-03 09:44:27-log: [Package] android@1.0.0 enable
2021-09-03 09:44:27-log: [Package] baidu-mini-game@1.0.0 enable
2021-09-03 09:44:27-log: [Package] bytedance-mini-game@1.0.0 enable
2021-09-03 09:44:27-log: [Package] huawei-agc@1.0.0 enable
2021-09-03 09:44:28-log: [Package] ios@1.0.0 enable
2021-09-03 09:44:28-log: [Package] ios-app-clip@1.0.0 enable
2021-09-03 09:44:28-log: [Package] mac@1.0.0 enable
2021-09-03 09:44:28-log: [Package] native@1.0.0 enable
2021-09-03 09:44:28-log: [Package] ohos@1.0.0 enable
2021-09-03 09:44:28-log: [Package] web-desktop@1.0.0 enable
2021-09-03 09:44:28-log: [Package] web-mobile@1.0.0 enable
2021-09-03 09:44:28-log: [Package] wechatgame@1.0.0 enable
2021-09-03 09:44:28-log: [Package] windows@1.0.0 enable
2021-09-03 09:44:28-log: [Package] xiaomi-quick-game@1.0.0 enable
2021-09-03 09:44:28-log: [Package] cocos-play@1.0.0 enable
2021-09-03 09:44:28-log: [Package] huawei-quick-game@1.0.0 enable
2021-09-03 09:44:28-log: [Package] link-sure@1.0.0 enable
2021-09-03 09:44:28-log: [Package] oppo-mini-game@1.0.0 enable
2021-09-03 09:44:28-log: [Package] qtt@1.0.0 enable
2021-09-03 09:44:28-log: [Package] vivo-mini-game@1.0.0 enable
2021-09-03 09:44:29-log: [Package] cocos-service@3.0.1 enable
2021-09-03 09:44:29-log: [Package] extension@3.0.8 enable
2021-09-03 09:44:29-log: [Package] im-plugin@3.0.6 enable
2021-09-03 09:44:29-log: [Package] lightmap@1.0.3 enable
2021-09-03 09:44:30-log: [Scene] begin init
2021-09-03 09:44:30-log: [Scene] require engine end
2021-09-03 09:44:30-log: [Scene] Serialize end
2021-09-03 09:44:30-log: [Scene] configureStartup end
2021-09-03 09:44:30-info: [Scene] WebGL2 device initialized.
2021-09-03 09:44:30-log: [Scene] Cocos Creator v3.3.0
2021-09-03 09:44:30-info: [Scene] Forward render pipeline initialized.
2021-09-03 09:44:30-log: [Scene] openEngine end
2021-09-03 09:44:30-log: [Scene] configureEngine end
